# JRE version: Java(TM) SE Runtime Environment (16.0.2+7) (build 16.0.2+7-67)
# Java VM: Java HotSpot(TM) 64-Bit Server VM (16.0.2+7-67, mixed mode, sharing, tiered, compressed oops, compressed class ptrs, g1 gc, windows-amd64)
GC Precious Log:
 CPUs: 12 total, 12 available
 Memory: 32712M
 Large Page Support: Disabled
 NUMA Support: Disabled
 Compressed Oops: Enabled (Zero based)
 Heap Region Size: 4M
 Heap Min Capacity: 8M
 Heap Initial Capacity: 512M
 Heap Max Capacity: 8180M
 Pre-touch: Disabled
 Parallel Workers: 10
 Concurrent Workers: 3
 Concurrent Refinement Workers: 10
 Periodic GC: Disabled
Heap:
 garbage-first heap   total 98304K, used 35968K [0x0000000600c00000, 0x0000000800000000)
  region size 4096K, 7 young (28672K), 2 survivors (8192K)
 Metaspace       used 46426K, committed 46784K, reserved 1097728K
  class space    used 5322K, committed 5504K, reserved 1048576K
GC Heap History (20 events):
Event: 0.349 GC heap before
{Heap before GC invocations=0 (full 0):
 garbage-first heap   total 524288K, used 20480K [0x0000000600c00000, 0x0000000800000000)
  region size 4096K, 6 young (24576K), 0 survivors (0K)
 Metaspace       used 5081K, committed 5184K, reserved 1056768K
  class space    used 469K, committed 512K, reserved 1048576K
}
Event: 0.352 GC heap after
{Heap after GC invocations=1 (full 0):
 garbage-first heap   total 524288K, used 5040K [0x0000000600c00000, 0x0000000800000000)
  region size 4096K, 1 young (4096K), 1 survivors (4096K)
 Metaspace       used 5081K, committed 5184K, reserved 1056768K
  class space    used 469K, committed 512K, reserved 1048576K
}
Event: 0.483 GC heap before
{Heap before GC invocations=1 (full 0):
 garbage-first heap   total 524288K, used 25520K [0x0000000600c00000, 0x0000000800000000)
  region size 4096K, 6 young (24576K), 1 survivors (4096K)
 Metaspace       used 7789K, committed 7936K, reserved 1056768K
  class space    used 827K, committed 896K, reserved 1048576K
}
Event: 0.485 GC heap after
{Heap after GC invocations=2 (full 0):
 garbage-first heap   total 524288K, used 6189K [0x0000000600c00000, 0x0000000800000000)
  region size 4096K, 1 young (4096K), 1 survivors (4096K)
 Metaspace       used 7789K, committed 7936K, reserved 1056768K
  class space    used 827K, committed 896K, reserved 1048576K
}
Event: 0.681 GC heap before
{Heap before GC invocations=2 (full 0):
 garbage-first heap   total 524288K, used 59437K [0x0000000600c00000, 0x0000000800000000)
  region size 4096K, 14 young (57344K), 1 survivors (4096K)
 Metaspace       used 13274K, committed 13568K, reserved 1064960K
  class space    used 1497K, committed 1664K, reserved 1048576K
}
Event: 0.682 GC heap after
{Heap after GC invocations=3 (full 0):
 garbage-first heap   total 524288K, used 7329K [0x0000000600c00000, 0x0000000800000000)
  region size 4096K, 1 young (4096K), 1 survivors (4096K)
 Metaspace       used 13274K, committed 13568K, reserved 1064960K
  class space    used 1497K, committed 1664K, reserved 1048576K
}
Event: 1.147 GC heap before
{Heap before GC invocations=3 (full 0):
 garbage-first heap   total 524288K, used 105633K [0x0000000600c00000, 0x0000000800000000)
  region size 4096K, 26 young (106496K), 1 survivors (4096K)
 Metaspace       used 20979K, committed 21248K, reserved 1073152K
  class space    used 2488K, committed 2624K, reserved 1048576K
}
Event: 1.149 GC heap after
{Heap after GC invocations=4 (full 0):
 garbage-first heap   total 524288K, used 10141K [0x0000000600c00000, 0x0000000800000000)
  region size 4096K, 2 young (8192K), 2 survivors (8192K)
 Metaspace       used 20979K, committed 21248K, reserved 1073152K
  class space    used 2488K, committed 2624K, reserved 1048576K
}
Event: 1.467 GC heap before
{Heap before GC invocations=5 (full 0):
 garbage-first heap   total 69632K, used 55197K [0x0000000600c00000, 0x0000000800000000)
  region size 4096K, 13 young (53248K), 2 survivors (8192K)
 Metaspace       used 25774K, committed 26112K, reserved 1073152K
  class space    used 3096K, committed 3264K, reserved 1048576K
}
Event: 1.470 GC heap after
{Heap after GC invocations=6 (full 0):
 garbage-first heap   total 73728K, used 12570K [0x0000000600c00000, 0x0000000800000000)
  region size 4096K, 2 young (8192K), 2 survivors (8192K)
 Metaspace       used 25774K, committed 26112K, reserved 1073152K
  class space    used 3096K, committed 3264K, reserved 1048576K
}
Event: 1.721 GC heap before
{Heap before GC invocations=6 (full 0):
 garbage-first heap   total 73728K, used 45338K [0x0000000600c00000, 0x0000000800000000)
  region size 4096K, 10 young (40960K), 2 survivors (8192K)
 Metaspace       used 29172K, committed 29504K, reserved 1081344K
  class space    used 3482K, committed 3648K, reserved 1048576K
}
Event: 1.724 GC heap after
{Heap after GC invocations=7 (full 0):
 garbage-first heap   total 73728K, used 14412K [0x0000000600c00000, 0x0000000800000000)
  region size 4096K, 2 young (8192K), 2 survivors (8192K)
 Metaspace       used 29172K, committed 29504K, reserved 1081344K
  class space    used 3482K, committed 3648K, reserved 1048576K
}
Event: 1.876 GC heap before
{Heap before GC invocations=7 (full 0):
 garbage-first heap   total 73728K, used 43084K [0x0000000600c00000, 0x0000000800000000)
  region size 4096K, 9 young (36864K), 2 survivors (8192K)
 Metaspace       used 32528K, committed 32832K, reserved 1081344K
  class space    used 3932K, committed 4096K, reserved 1048576K
}
Event: 1.878 GC heap after
{Heap after GC invocations=8 (full 0):
 garbage-first heap   total 73728K, used 15627K [0x0000000600c00000, 0x0000000800000000)
  region size 4096K, 1 young (4096K), 1 survivors (4096K)
 Metaspace       used 32528K, committed 32832K, reserved 1081344K
  class space    used 3932K, committed 4096K, reserved 1048576K
}
Event: 2.049 GC heap before
{Heap before GC invocations=8 (full 0):
 garbage-first heap   total 73728K, used 48395K [0x0000000600c00000, 0x0000000800000000)
  region size 4096K, 10 young (40960K), 1 survivors (4096K)
 Metaspace       used 35188K, committed 35520K, reserved 1081344K
  class space    used 4306K, committed 4480K, reserved 1048576K
}
Event: 2.051 GC heap after
{Heap after GC invocations=9 (full 0):
 garbage-first heap   total 299008K, used 16918K [0x0000000600c00000, 0x0000000800000000)
  region size 4096K, 2 young (8192K), 2 survivors (8192K)
 Metaspace       used 35188K, committed 35520K, reserved 1081344K
  class space    used 4306K, committed 4480K, reserved 1048576K
}
Event: 5.420 GC heap before
{Heap before GC invocations=10 (full 0):
 garbage-first heap   total 98304K, used 61974K [0x0000000600c00000, 0x0000000800000000)
  region size 4096K, 14 young (57344K), 2 survivors (8192K)
 Metaspace       used 39716K, committed 40000K, reserved 1089536K
  class space    used 4803K, committed 4928K, reserved 1048576K
}
Event: 5.422 GC heap after
{Heap after GC invocations=11 (full 0):
 garbage-first heap   total 98304K, used 18931K [0x0000000600c00000, 0x0000000800000000)
  region size 4096K, 2 young (8192K), 2 survivors (8192K)
 Metaspace       used 39716K, committed 40000K, reserved 1089536K
  class space    used 4803K, committed 4928K, reserved 1048576K
}
Event: 5.615 GC heap before
{Heap before GC invocations=11 (full 0):
 garbage-first heap   total 98304K, used 68083K [0x0000000600c00000, 0x0000000800000000)
  region size 4096K, 14 young (57344K), 2 survivors (8192K)
 Metaspace       used 44707K, committed 45120K, reserved 1089536K
  class space    used 5182K, committed 5376K, reserved 1048576K
}
Event: 5.617 GC heap after
{Heap after GC invocations=12 (full 0):
 garbage-first heap   total 98304K, used 19584K [0x0000000600c00000, 0x0000000800000000)
  region size 4096K, 2 young (8192K), 2 survivors (8192K)
 Metaspace       used 44707K, committed 45120K, reserved 1089536K
  class space    used 5182K, committed 5376K, reserved 1048576K
}

